<?xml version="1.0" encoding="UTF-8"?>
<!-- Generated by org.testng.reporters.JUnitXMLReporter -->
<testsuite hostname="DESKTOP-0K72I4M" ignored="0" name="homeTest" tests="6" failures="0" timestamp="2020-12-27T17:33:05 IST" time="0.164" errors="0">
  <testcase name="@BeforeTest generateReport" time="-1.609070585284E9" classname="TestJava.HomePageTest">
    <failure type="org.testng.TestNGException" message="
Can inject only one of &amp;lt;ITestContext, XmlTest&amp;gt; into a @BeforeTest annotated generateReport.
For more information on native dependency injection please refer to https://testng.org/doc/documentation-main.html#native-dependency-injection">
      <![CDATA[org.testng.TestNGException: 
Can inject only one of <ITestContext, XmlTest> into a @BeforeTest annotated generateReport.
For more information on native dependency injection please refer to https://testng.org/doc/documentation-main.html#native-dependency-injection
... Removed 21 stack frames]]>
    </failure>
  </testcase> <!-- @BeforeTest generateReport -->
  <testcase name="@BeforeMethod setUp" time="-1.609070585352E9" classname="TestJava.HomePageTest">
    <skipped/>
  </testcase> <!-- @BeforeMethod setUp -->
  <testcase name="@BeforeMethod setUp" time="-1.609070585352E9" classname="TestJava.HomePageTest">
    <skipped/>
  </testcase> <!-- @BeforeMethod setUp -->
  <testcase name="@AfterMethod tearDown" time="-1.60907058537E9" classname="TestJava.HomePageTest">
    <skipped/>
  </testcase> <!-- @AfterMethod tearDown -->
  <testcase name="@AfterMethod tearDown" time="-1.609070585372E9" classname="TestJava.HomePageTest">
    <skipped/>
  </testcase> <!-- @AfterMethod tearDown -->
  <testcase name="@BeforeMethod setUp" time="-1.609070585375E9" classname="TestJava.HomePageTest">
    <skipped/>
  </testcase> <!-- @BeforeMethod setUp -->
  <testcase name="@BeforeMethod setUp" time="-1.609070585375E9" classname="TestJava.HomePageTest">
    <skipped/>
  </testcase> <!-- @BeforeMethod setUp -->
  <testcase name="@AfterMethod tearDown" time="-1.609070585391E9" classname="TestJava.HomePageTest">
    <skipped/>
  </testcase> <!-- @AfterMethod tearDown -->
  <testcase name="@AfterMethod tearDown" time="-1.609070585387E9" classname="TestJava.HomePageTest">
    <skipped/>
  </testcase> <!-- @AfterMethod tearDown -->
  <testcase name="@BeforeMethod setUp" time="-1.609070585401E9" classname="TestJava.HomePageTest">
    <skipped/>
  </testcase> <!-- @BeforeMethod setUp -->
  <testcase name="@BeforeMethod setUp" time="-1.609070585398E9" classname="TestJava.HomePageTest">
    <skipped/>
  </testcase> <!-- @BeforeMethod setUp -->
  <testcase name="@AfterMethod tearDown" time="-1.609070585421E9" classname="TestJava.HomePageTest">
    <skipped/>
  </testcase> <!-- @AfterMethod tearDown -->
  <testcase name="@AfterMethod tearDown" time="-1.609070585425E9" classname="TestJava.HomePageTest">
    <skipped/>
  </testcase> <!-- @AfterMethod tearDown -->
  <testcase name="@AfterTest endReport" time="-1.609070585432E9" classname="TestJava.HomePageTest">
    <skipped/>
  </testcase> <!-- @AfterTest endReport -->
  <testcase name="arrivalImageReview" time="0.0" classname="TestJava.HomePageTest">
    <skipped/>
  </testcase> <!-- arrivalImageReview -->
  <testcase name="arrival_Add_To_Basket_With__MoreBooks" time="0.0" classname="TestJava.HomePageTest">
    <skipped/>
  </testcase> <!-- arrival_Add_To_Basket_With__MoreBooks -->
  <testcase name="arrival_Image_AddTo_Basket" time="0.0" classname="TestJava.HomePageTest">
    <skipped/>
  </testcase> <!-- arrival_Image_AddTo_Basket -->
  <testcase name="homePageHasThreeArrival" time="0.0" classname="TestJava.HomePageTest">
    <skipped/>
  </testcase> <!-- homePageHasThreeArrival -->
  <testcase name="imagesInArrivalShoulsNavigate" time="0.0" classname="TestJava.HomePageTest">
    <skipped/>
  </testcase> <!-- imagesInArrivalShoulsNavigate -->
  <testcase name="imageArrivalDescription" time="0.0" classname="TestJava.HomePageTest">
    <skipped/>
  </testcase> <!-- imageArrivalDescription -->
</testsuite> <!-- homeTest -->
