<?xml version="1.0" encoding="UTF-8"?>
<!-- Generated by org.testng.reporters.JUnitXMLReporter -->
<testsuite hostname="DESKTOP-0K72I4M" ignored="0" name="Testsample" tests="6" failures="0" timestamp="2020-12-25T19:23:57 IST" time="0.103" errors="0">
  <testcase name="@BeforeTest generateReport" time="-1.608904437565E9" classname="TestJava.HomePageTest">
    <failure type="org.testng.TestNGException" message="
Can inject only one of &amp;lt;ITestContext, XmlTest&amp;gt; into a @BeforeTest annotated generateReport.
For more information on native dependency injection please refer to https://testng.org/doc/documentation-main.html#native-dependency-injection">
      <![CDATA[org.testng.TestNGException: 
Can inject only one of <ITestContext, XmlTest> into a @BeforeTest annotated generateReport.
For more information on native dependency injection please refer to https://testng.org/doc/documentation-main.html#native-dependency-injection
... Removed 21 stack frames]]>
    </failure>
  </testcase> <!-- @BeforeTest generateReport -->
  <testcase name="@BeforeMethod setUp" time="-1.608904437602E9" classname="TestJava.HomePageTest">
    <skipped/>
  </testcase> <!-- @BeforeMethod setUp -->
  <testcase name="@AfterMethod tearDown" time="-1.608904437611E9" classname="TestJava.HomePageTest">
    <skipped/>
  </testcase> <!-- @AfterMethod tearDown -->
  <testcase name="@BeforeMethod setUp" time="-1.608904437614E9" classname="TestJava.HomePageTest">
    <skipped/>
  </testcase> <!-- @BeforeMethod setUp -->
  <testcase name="@AfterMethod tearDown" time="-1.608904437621E9" classname="TestJava.HomePageTest">
    <skipped/>
  </testcase> <!-- @AfterMethod tearDown -->
  <testcase name="@BeforeMethod setUp" time="-1.608904437623E9" classname="TestJava.HomePageTest">
    <skipped/>
  </testcase> <!-- @BeforeMethod setUp -->
  <testcase name="@AfterMethod tearDown" time="-1.608904437627E9" classname="TestJava.HomePageTest">
    <skipped/>
  </testcase> <!-- @AfterMethod tearDown -->
  <testcase name="@BeforeMethod setUp" time="-1.608904437629E9" classname="TestJava.HomePageTest">
    <skipped/>
  </testcase> <!-- @BeforeMethod setUp -->
  <testcase name="@AfterMethod tearDown" time="-1.608904437634E9" classname="TestJava.HomePageTest">
    <skipped/>
  </testcase> <!-- @AfterMethod tearDown -->
  <testcase name="@BeforeMethod setUp" time="-1.608904437637E9" classname="TestJava.HomePageTest">
    <skipped/>
  </testcase> <!-- @BeforeMethod setUp -->
  <testcase name="@AfterMethod tearDown" time="-1.608904437644E9" classname="TestJava.HomePageTest">
    <skipped/>
  </testcase> <!-- @AfterMethod tearDown -->
  <testcase name="@BeforeMethod setUp" time="-1.608904437648E9" classname="TestJava.HomePageTest">
    <skipped/>
  </testcase> <!-- @BeforeMethod setUp -->
  <testcase name="@AfterMethod tearDown" time="-1.608904437655E9" classname="TestJava.HomePageTest">
    <skipped/>
  </testcase> <!-- @AfterMethod tearDown -->
  <testcase name="@AfterTest endReport" time="-1.60890443766E9" classname="TestJava.HomePageTest">
    <skipped/>
  </testcase> <!-- @AfterTest endReport -->
  <testcase name="arrivalImageReview" time="0.0" classname="TestJava.HomePageTest">
    <skipped/>
  </testcase> <!-- arrivalImageReview -->
  <testcase name="arrival_Add_To_Basket_With__MoreBooks" time="0.0" classname="TestJava.HomePageTest">
    <skipped/>
  </testcase> <!-- arrival_Add_To_Basket_With__MoreBooks -->
  <testcase name="arrival_Image_AddTo_Basket" time="0.0" classname="TestJava.HomePageTest">
    <skipped/>
  </testcase> <!-- arrival_Image_AddTo_Basket -->
  <testcase name="homePageHasThreeArrival" time="0.0" classname="TestJava.HomePageTest">
    <skipped/>
  </testcase> <!-- homePageHasThreeArrival -->
  <testcase name="imageArrivalDescription" time="0.0" classname="TestJava.HomePageTest">
    <skipped/>
  </testcase> <!-- imageArrivalDescription -->
  <testcase name="imagesInArrivalShoulsNavigate" time="0.0" classname="TestJava.HomePageTest">
    <skipped/>
  </testcase> <!-- imagesInArrivalShoulsNavigate -->
</testsuite> <!-- Testsample -->
