<?xml version="1.0" encoding="UTF-8"?>
<!-- Generated by org.testng.reporters.JUnitXMLReporter -->
<testsuite hostname="DESKTOP-0K72I4M" ignored="0" name="home page Test" tests="6" failures="0" timestamp="2020-12-25T19:21:19 IST" time="0.197" errors="0">
  <testcase name="@BeforeTest generateReport" time="-1.608904279527E9" classname="TestJava.HomePageTest">
    <failure type="org.testng.TestNGException" message="
Can inject only one of &amp;lt;ITestContext, XmlTest&amp;gt; into a @BeforeTest annotated generateReport.
For more information on native dependency injection please refer to https://testng.org/doc/documentation-main.html#native-dependency-injection">
      <![CDATA[org.testng.TestNGException: 
Can inject only one of <ITestContext, XmlTest> into a @BeforeTest annotated generateReport.
For more information on native dependency injection please refer to https://testng.org/doc/documentation-main.html#native-dependency-injection
... Removed 21 stack frames]]>
    </failure>
  </testcase> <!-- @BeforeTest generateReport -->
  <testcase name="@BeforeMethod setUp" time="-1.608904279661E9" classname="TestJava.HomePageTest">
    <skipped/>
  </testcase> <!-- @BeforeMethod setUp -->
  <testcase name="@BeforeMethod setUp" time="-1.608904279661E9" classname="TestJava.HomePageTest">
    <skipped/>
  </testcase> <!-- @BeforeMethod setUp -->
  <testcase name="@AfterMethod tearDown" time="-1.608904279677E9" classname="TestJava.HomePageTest">
    <skipped/>
  </testcase> <!-- @AfterMethod tearDown -->
  <testcase name="@AfterMethod tearDown" time="-1.608904279681E9" classname="TestJava.HomePageTest">
    <skipped/>
  </testcase> <!-- @AfterMethod tearDown -->
  <testcase name="@BeforeMethod setUp" time="-1.608904279684E9" classname="TestJava.HomePageTest">
    <skipped/>
  </testcase> <!-- @BeforeMethod setUp -->
  <testcase name="@BeforeMethod setUp" time="-1.608904279684E9" classname="TestJava.HomePageTest">
    <skipped/>
  </testcase> <!-- @BeforeMethod setUp -->
  <testcase name="@AfterMethod tearDown" time="-1.608904279692E9" classname="TestJava.HomePageTest">
    <skipped/>
  </testcase> <!-- @AfterMethod tearDown -->
  <testcase name="@BeforeMethod setUp" time="-1.608904279701E9" classname="TestJava.HomePageTest">
    <skipped/>
  </testcase> <!-- @BeforeMethod setUp -->
  <testcase name="@AfterMethod tearDown" time="-1.608904279706E9" classname="TestJava.HomePageTest">
    <skipped/>
  </testcase> <!-- @AfterMethod tearDown -->
  <testcase name="@AfterMethod tearDown" time="-1.608904279709E9" classname="TestJava.HomePageTest">
    <skipped/>
  </testcase> <!-- @AfterMethod tearDown -->
  <testcase name="@BeforeMethod setUp" time="-1.60890427971E9" classname="TestJava.HomePageTest">
    <skipped/>
  </testcase> <!-- @BeforeMethod setUp -->
  <testcase name="@AfterMethod tearDown" time="-1.608904279714E9" classname="TestJava.HomePageTest">
    <skipped/>
  </testcase> <!-- @AfterMethod tearDown -->
  <testcase name="@AfterTest endReport" time="-1.608904279717E9" classname="TestJava.HomePageTest">
    <skipped/>
  </testcase> <!-- @AfterTest endReport -->
  <testcase name="arrival_Add_To_Basket_With__MoreBooks" time="0.0" classname="TestJava.HomePageTest">
    <skipped/>
  </testcase> <!-- arrival_Add_To_Basket_With__MoreBooks -->
  <testcase name="arrivalImageReview" time="0.0" classname="TestJava.HomePageTest">
    <skipped/>
  </testcase> <!-- arrivalImageReview -->
  <testcase name="arrival_Image_AddTo_Basket" time="0.0" classname="TestJava.HomePageTest">
    <skipped/>
  </testcase> <!-- arrival_Image_AddTo_Basket -->
  <testcase name="homePageHasThreeArrival" time="0.0" classname="TestJava.HomePageTest">
    <skipped/>
  </testcase> <!-- homePageHasThreeArrival -->
  <testcase name="imageArrivalDescription" time="0.0" classname="TestJava.HomePageTest">
    <skipped/>
  </testcase> <!-- imageArrivalDescription -->
  <testcase name="imagesInArrivalShoulsNavigate" time="0.0" classname="TestJava.HomePageTest">
    <skipped/>
  </testcase> <!-- imagesInArrivalShoulsNavigate -->
</testsuite> <!-- home page Test -->
